<?xml version="1.0" encoding="UTF-8"?>
<testng-results skipped="0" failed="0" total="2" passed="2">
  <reporter-output>
  </reporter-output>
  <suite name="Suite_TestResults" duration-ms="36392" started-at="2016-10-12T06:25:52Z" finished-at="2016-10-12T06:26:29Z">
    <groups>
    </groups>
    <test name="appForAndroid" duration-ms="36392" started-at="2016-10-12T06:25:52Z" finished-at="2016-10-12T06:26:29Z">
      <class name="test.apptest.AndroidApk2_3_1">
        <test-method status="PASS" signature="springTestContextPrepareTestInstance()[pri:0, instance:test.apptest.AndroidApk2_3_1@1c74f37]" name="springTestContextPrepareTestInstance" is-config="true" duration-ms="616" started-at="2016-10-12T14:25:52Z" finished-at="2016-10-12T14:25:53Z">
          <reporter-output>
          </reporter-output>
        </test-method> <!-- springTestContextPrepareTestInstance -->
        <test-method status="PASS" signature="beforeClass()[pri:0, instance:test.apptest.AndroidApk2_3_1@1c74f37]" name="beforeClass" is-config="true" duration-ms="0" started-at="2016-10-12T14:25:53Z" finished-at="2016-10-12T14:25:53Z">
          <reporter-output>
          </reporter-output>
        </test-method> <!-- beforeClass -->
        <test-method status="PASS" signature="springTestContextBeforeTestMethod(java.lang.reflect.Method)[pri:0, instance:test.apptest.AndroidApk2_3_1@1c74f37]" name="springTestContextBeforeTestMethod" is-config="true" duration-ms="0" started-at="2016-10-12T14:25:53Z" finished-at="2016-10-12T14:25:53Z">
          <params>
            <param index="0">
              <value>
                <![CDATA[public void test.apptest.AndroidApk2_3_1.inquiryProcess(java.util.Map) throws java.lang.Exception]]>
              </value>
            </param>
          </params>
          <reporter-output>
          </reporter-output>
        </test-method> <!-- springTestContextBeforeTestMethod -->
        <test-method status="PASS" signature="inquiryProcess(java.util.Map)[pri:0, instance:test.apptest.AndroidApk2_3_1@1c74f37]" name="inquiryProcess" duration-ms="35468" started-at="2016-10-12T14:25:53Z" description="问诊流程" data-provider="inquiryProcess" finished-at="2016-10-12T14:26:29Z">
          <params>
            <param index="0">
              <value>
                <![CDATA[{fundApkName=EasyrongFund_pre_2_2_1.apk, userPassWord=xlh123456, seq=1, userName=13000000001, changyeApkName=EasyrongChuangye_pre_2_3_1.apk}]]>
              </value>
            </param>
          </params>
          <reporter-output>
          </reporter-output>
        </test-method> <!-- inquiryProcess -->
        <test-method status="PASS" signature="springTestContextAfterTestMethod(java.lang.reflect.Method)[pri:0, instance:test.apptest.AndroidApk2_3_1@1c74f37]" name="springTestContextAfterTestMethod" is-config="true" duration-ms="3" started-at="2016-10-12T14:26:29Z" finished-at="2016-10-12T14:26:29Z">
          <params>
            <param index="0">
              <value>
                <![CDATA[public void test.apptest.AndroidApk2_3_1.inquiryProcess(java.util.Map) throws java.lang.Exception]]>
              </value>
            </param>
          </params>
          <reporter-output>
          </reporter-output>
        </test-method> <!-- springTestContextAfterTestMethod -->
        <test-method status="PASS" signature="afterClass()[pri:0, instance:test.apptest.AndroidApk2_3_1@1c74f37]" name="afterClass" is-config="true" duration-ms="0" started-at="2016-10-12T14:26:29Z" finished-at="2016-10-12T14:26:29Z">
          <reporter-output>
          </reporter-output>
        </test-method> <!-- afterClass -->
      </class> <!-- test.apptest.AndroidApk2_3_1 -->
    </test> <!-- appForAndroid -->
  </suite> <!-- Suite_TestResults -->
  <suite name="Suite_Mail" duration-ms="5900" started-at="2016-10-12T06:26:29Z" finished-at="2016-10-12T06:26:35Z">
    <groups>
    </groups>
    <test name="email" duration-ms="5900" started-at="2016-10-12T06:26:29Z" finished-at="2016-10-12T06:26:35Z">
      <class name="test.utils.Mail">
        <test-method status="PASS" signature="springTestContextPrepareTestInstance()[pri:0, instance:test.utils.Mail@196c1b0]" name="springTestContextPrepareTestInstance" is-config="true" duration-ms="8" started-at="2016-10-12T14:26:29Z" finished-at="2016-10-12T14:26:29Z">
          <reporter-output>
          </reporter-output>
        </test-method> <!-- springTestContextPrepareTestInstance -->
        <test-method status="PASS" signature="beforeClass()[pri:0, instance:test.utils.Mail@196c1b0]" name="beforeClass" is-config="true" duration-ms="0" started-at="2016-10-12T14:26:29Z" finished-at="2016-10-12T14:26:29Z">
          <reporter-output>
          </reporter-output>
        </test-method> <!-- beforeClass -->
        <test-method status="PASS" signature="springTestContextBeforeTestMethod(java.lang.reflect.Method)[pri:0, instance:test.utils.Mail@196c1b0]" name="springTestContextBeforeTestMethod" is-config="true" duration-ms="1" started-at="2016-10-12T14:26:29Z" finished-at="2016-10-12T14:26:29Z">
          <params>
            <param index="0">
              <value>
                <![CDATA[public void test.utils.Mail.sendAutomationReports(java.lang.String) throws java.lang.Exception]]>
              </value>
            </param>
          </params>
          <reporter-output>
          </reporter-output>
        </test-method> <!-- springTestContextBeforeTestMethod -->
        <test-method status="PASS" signature="sendAutomationReports(java.lang.String)[pri:0, instance:test.utils.Mail@196c1b0]" name="sendAutomationReports" duration-ms="5886" started-at="2016-10-12T14:26:29Z" finished-at="2016-10-12T14:26:35Z">
          <params>
            <param index="0">
              <value>
                <![CDATA[appForAndroid]]>
              </value>
            </param>
          </params>
          <reporter-output>
          </reporter-output>
        </test-method> <!-- sendAutomationReports -->
        <test-method status="PASS" signature="springTestContextAfterTestMethod(java.lang.reflect.Method)[pri:0, instance:test.utils.Mail@196c1b0]" name="springTestContextAfterTestMethod" is-config="true" duration-ms="1" started-at="2016-10-12T14:26:35Z" finished-at="2016-10-12T14:26:35Z">
          <params>
            <param index="0">
              <value>
                <![CDATA[public void test.utils.Mail.sendAutomationReports(java.lang.String) throws java.lang.Exception]]>
              </value>
            </param>
          </params>
          <reporter-output>
          </reporter-output>
        </test-method> <!-- springTestContextAfterTestMethod -->
        <test-method status="PASS" signature="afterClass()[pri:0, instance:test.utils.Mail@196c1b0]" name="afterClass" is-config="true" duration-ms="0" started-at="2016-10-12T14:26:35Z" finished-at="2016-10-12T14:26:35Z">
          <reporter-output>
          </reporter-output>
        </test-method> <!-- afterClass -->
      </class> <!-- test.utils.Mail -->
    </test> <!-- email -->
  </suite> <!-- Suite_Mail -->
</testng-results>
